<?xml version="1.0" encoding="UTF-8"?>
<testng-results ignored="0" total="1" passed="1" failed="0" skipped="0">
  <reporter-output>
  </reporter-output>
  <suite started-at="2022-08-31T02:05:12 IST" name="Default suite" finished-at="2022-08-31T02:05:14 IST" duration-ms="1855">
    <groups>
    </groups>
    <test started-at="2022-08-31T02:05:12 IST" name="Default test" finished-at="2022-08-31T02:05:14 IST" duration-ms="1855">
      <class name="testcase.VerifyAveragePoints">
        <test-method is-config="true" signature="launch_Browser()[pri:0, instance:testcase.VerifyAveragePoints@7ea9e1e2]" started-at="2022-08-31T02:05:03 IST" name="launch_Browser" finished-at="2022-08-31T02:05:12 IST" duration-ms="9064" status="PASS">
          <reporter-output>
          </reporter-output>
        </test-method> <!-- launch_Browser -->
        <test-method signature="verifyAveragePointsofConsecutive()[pri:0, instance:testcase.VerifyAveragePoints@7ea9e1e2]" started-at="2022-08-31T02:05:12 IST" name="verifyAveragePointsofConsecutive" finished-at="2022-08-31T02:05:14 IST" duration-ms="1783" status="PASS">
          <reporter-output>
          </reporter-output>
        </test-method> <!-- verifyAveragePointsofConsecutive -->
        <test-method is-config="true" signature="close_Browser()[pri:0, instance:testcase.VerifyAveragePoints@7ea9e1e2]" started-at="2022-08-31T02:05:14 IST" name="close_Browser" finished-at="2022-08-31T02:05:14 IST" duration-ms="273" status="PASS">
          <reporter-output>
          </reporter-output>
        </test-method> <!-- close_Browser -->
      </class> <!-- testcase.VerifyAveragePoints -->
    </test> <!-- Default test -->
  </suite> <!-- Default suite -->
</testng-results>
